#
# There is insufficient memory for the Java Runtime Environment to continue.
# Native memory allocation (malloc) failed to allocate 94880 bytes. Error detail: Chunk::new
# Possible reasons:
#   The system is out of physical RAM or swap space
#   This process is running with CompressedOops enabled, and the Java Heap may be blocking the growth of the native heap
# Possible solutions:
#   Reduce memory load on the system
#   Increase physical memory or swap space
#   Check if swap backing store is full
#   Decrease Java heap size (-Xmx/-Xms)
#   Decrease number of Java threads
#   Decrease Java thread stack sizes (-Xss)
#   Set larger code cache with -XX:ReservedCodeCacheSize=
#   JVM is running with Unscaled Compressed Oops mode in which the Java heap is
#     placed in the first 4GB address space. The Java Heap base address is the
#     maximum limit for the native heap growth. Please use -XX:HeapBaseMinAddress
#     to set the Java Heap base and to place the Java Heap above 4GB virtual address.
# This output file may be truncated or incomplete.
#
#  Out of Memory Error (arena.cpp:191), pid=19396, tid=7716
#
# JRE version: OpenJDK Runtime Environment (17.0.11) (build 17.0.11+0--11852314)
# Java VM: OpenJDK 64-Bit Server VM (17.0.11+0--11852314, mixed mode, tiered, compressed oops, compressed class ptrs, g1 gc, windows-amd64)
# No core dump will be written. Minidumps are not enabled by default on client versions of Windows
#

---------------  S U M M A R Y ------------

Command Line: git4idea.http.GitAskPassApp Username for 'https://github.com': 

Host: AMD Ryzen 5 4600H with Radeon Graphics         , 12 cores, 7G,  Windows 11 , 64 bit Build 22621 (10.0.22621.3958)
Time: Tue Oct 22 11:45:49 2024 Hora est. Pacífico, Sudamérica elapsed time: 0.342678 seconds (0d 0h 0m 0s)

---------------  T H R E A D  ---------------

Current thread (0x00000190491c53e0):  JavaThread "C2 CompilerThread0" daemon [_thread_in_native, id=7716, stack(0x0000005426100000,0x0000005426200000)]


Current CompileTask:
C2:    342  387       4       java.lang.StringBuilder::append (8 bytes)

Stack: [0x0000005426100000,0x0000005426200000]
Native frames: (J=compiled Java code, j=interpreted, Vv=VM code, C=native code)
V  [jvm.dll+0x687bb9]
V  [jvm.dll+0x84142a]
V  [jvm.dll+0x8430ae]
V  [jvm.dll+0x843713]
V  [jvm.dll+0x24a35f]
V  [jvm.dll+0xac544]
V  [jvm.dll+0xacb8c]
V  [jvm.dll+0x369c37]
V  [jvm.dll+0x33416a]
V  [jvm.dll+0x33360a]
V  [jvm.dll+0x21bed1]
V  [jvm.dll+0x21b311]
V  [jvm.dll+0x1a63ed]
V  [jvm.dll+0x22b1ee]
V  [jvm.dll+0x229375]
V  [jvm.dll+0x7f5647]
V  [jvm.dll+0x7efa4a]
V  [jvm.dll+0x686a35]
C  [ucrtbase.dll+0x29333]
C  [KERNEL32.DLL+0x1257d]
C  [ntdll.dll+0x5af08]


---------------  P R O C E S S  ---------------

Threads class SMR info:
_java_thread_list=0x0000019049350bf0, length=12, elements={
0x000001902d2eba90, 0x0000019048899190, 0x00000190488812d0, 0x00000190491c2900,
0x00000190491c32c0, 0x00000190491c3c80, 0x00000190491c4640, 0x00000190491c53e0,
0x00000190491c62a0, 0x00000190491c8cb0, 0x000001904934f5b0, 0x00000190493631b0
}

Java Threads: ( => current thread )
  0x000001902d2eba90 JavaThread "main" [_thread_in_vm, id=17800, stack(0x0000005425400000,0x0000005425500000)]
  0x0000019048899190 JavaThread "Reference Handler" daemon [_thread_blocked, id=15436, stack(0x0000005425b00000,0x0000005425c00000)]
  0x00000190488812d0 JavaThread "Finalizer" daemon [_thread_blocked, id=5512, stack(0x0000005425c00000,0x0000005425d00000)]
  0x00000190491c2900 JavaThread "Signal Dispatcher" daemon [_thread_blocked, id=11772, stack(0x0000005425d00000,0x0000005425e00000)]
  0x00000190491c32c0 JavaThread "Attach Listener" daemon [_thread_blocked, id=10056, stack(0x0000005425e00000,0x0000005425f00000)]
  0x00000190491c3c80 JavaThread "Service Thread" daemon [_thread_blocked, id=17436, stack(0x0000005425f00000,0x0000005426000000)]
  0x00000190491c4640 JavaThread "Monitor Deflation Thread" daemon [_thread_blocked, id=4504, stack(0x0000005426000000,0x0000005426100000)]
=>0x00000190491c53e0 JavaThread "C2 CompilerThread0" daemon [_thread_in_native, id=7716, stack(0x0000005426100000,0x0000005426200000)]
  0x00000190491c62a0 JavaThread "C1 CompilerThread0" daemon [_thread_in_vm, id=11992, stack(0x0000005426200000,0x0000005426300000)]
  0x00000190491c8cb0 JavaThread "Sweeper thread" daemon [_thread_blocked, id=13124, stack(0x0000005426300000,0x0000005426400000)]
  0x000001904934f5b0 JavaThread "Notification Thread" daemon [_thread_blocked, id=10920, stack(0x0000005426400000,0x0000005426500000)]
  0x00000190493631b0 JavaThread "Common-Cleaner" daemon [_thread_blocked, id=20348, stack(0x0000005426600000,0x0000005426700000)]

Other Threads:
  0x0000019049180480 VMThread "VM Thread" [stack: 0x0000005425a00000,0x0000005425b00000] [id=17864]
  0x000001904934fa90 WatcherThread [stack: 0x0000005426500000,0x0000005426600000] [id=13588]
  0x000001902d343420 GCTaskThread "GC Thread#0" [stack: 0x0000005425500000,0x0000005425600000] [id=9496]
  0x000001902d3530f0 ConcurrentGCThread "G1 Main Marker" [stack: 0x0000005425600000,0x0000005425700000] [id=13428]
  0x000001902d353b10 ConcurrentGCThread "G1 Conc#0" [stack: 0x0000005425700000,0x0000005425800000] [id=23368]
  0x000001902d394c70 ConcurrentGCThread "G1 Refine#0" [stack: 0x0000005425800000,0x0000005425900000] [id=5932]
  0x000001902d3970d0 ConcurrentGCThread "G1 Service" [stack: 0x0000005425900000,0x0000005425a00000] [id=3184]

Threads with active compile tasks:
C2 CompilerThread0      364  387       4       java.lang.StringBuilder::append (8 bytes)
C1 CompilerThread0      364  395       3       sun.security.provider.SHA::implCompress0 (506 bytes)

VM state: not at safepoint (normal execution)

VM Mutex/Monitor currently owned by a thread:  ([mutex/lock_event])
[0x000001902d2e7b60] Metaspace_lock - owner thread: 0x00000190491c62a0
[0x000001902d2e7bf0] MethodData_lock - owner thread: 0x00000190491c62a0

Heap address: 0x0000000089400000, size: 1900 MB, Compressed Oops mode: 32-bit

CDS archive(s) not mapped
Compressed class space mapped at: 0x0000000100000000-0x0000000140000000, reserved size: 1073741824
Narrow klass base: 0x0000000000000000, Narrow klass shift: 3, Narrow klass range: 0x140000000

GC Precious Log:
 CPUs: 12 total, 12 available
 Memory: 7598M
 Large Page Support: Disabled
 NUMA Support: Disabled
 Compressed Oops: Enabled (32-bit)
 Heap Region Size: 1M
 Heap Min Capacity: 8M
 Heap Initial Capacity: 120M
 Heap Max Capacity: 1900M
 Pre-touch: Disabled
 Parallel Workers: 10
 Concurrent Workers: 3
 Concurrent Refinement Workers: 10
 Periodic GC: Disabled

Heap:
 garbage-first heap   total 122880K, used 3072K [0x0000000089400000, 0x0000000100000000)
  region size 1024K, 4 young (4096K), 0 survivors (0K)
 Metaspace       used 9778K, committed 9920K, reserved 1114112K
  class space    used 921K, committed 1024K, reserved 1048576K

Heap Regions: E=young(eden), S=young(survivor), O=old, HS=humongous(starts), HC=humongous(continues), CS=collection set, F=free, OA=open archive, CA=closed archive, TAMS=top-at-mark-start (previous, next)
|   0|0x0000000089400000, 0x0000000089400000, 0x0000000089500000|  0%| F|  |TAMS 0x0000000089400000, 0x0000000089400000| Untracked 
|   1|0x0000000089500000, 0x0000000089500000, 0x0000000089600000|  0%| F|  |TAMS 0x0000000089500000, 0x0000000089500000| Untracked 
|   2|0x0000000089600000, 0x0000000089600000, 0x0000000089700000|  0%| F|  |TAMS 0x0000000089600000, 0x0000000089600000| Untracked 
|   3|0x0000000089700000, 0x0000000089700000, 0x0000000089800000|  0%| F|  |TAMS 0x0000000089700000, 0x0000000089700000| Untracked 
|   4|0x0000000089800000, 0x0000000089800000, 0x0000000089900000|  0%| F|  |TAMS 0x0000000089800000, 0x0000000089800000| Untracked 
|   5|0x0000000089900000, 0x0000000089900000, 0x0000000089a00000|  0%| F|  |TAMS 0x0000000089900000, 0x0000000089900000| Untracked 
|   6|0x0000000089a00000, 0x0000000089a00000, 0x0000000089b00000|  0%| F|  |TAMS 0x0000000089a00000, 0x0000000089a00000| Untracked 
|   7|0x0000000089b00000, 0x0000000089b00000, 0x0000000089c00000|  0%| F|  |TAMS 0x0000000089b00000, 0x0000000089b00000| Untracked 
|   8|0x0000000089c00000, 0x0000000089c00000, 0x0000000089d00000|  0%| F|  |TAMS 0x0000000089c00000, 0x0000000089c00000| Untracked 
|   9|0x0000000089d00000, 0x0000000089d00000, 0x0000000089e00000|  0%| F|  |TAMS 0x0000000089d00000, 0x0000000089d00000| Untracked 
|  10|0x0000000089e00000, 0x0000000089e00000, 0x0000000089f00000|  0%| F|  |TAMS 0x0000000089e00000, 0x0000000089e00000| Untracked 
|  11|0x0000000089f00000, 0x0000000089f00000, 0x000000008a000000|  0%| F|  |TAMS 0x0000000089f00000, 0x0000000089f00000| Untracked 
|  12|0x000000008a000000, 0x000000008a000000, 0x000000008a100000|  0%| F|  |TAMS 0x000000008a000000, 0x000000008a000000| Untracked 
|  13|0x000000008a100000, 0x000000008a100000, 0x000000008a200000|  0%| F|  |TAMS 0x000000008a100000, 0x000000008a100000| Untracked 
|  14|0x000000008a200000, 0x000000008a200000, 0x000000008a300000|  0%| F|  |TAMS 0x000000008a200000, 0x000000008a200000| Untracked 
|  15|0x000000008a300000, 0x000000008a300000, 0x000000008a400000|  0%| F|  |TAMS 0x000000008a300000, 0x000000008a300000| Untracked 
|  16|0x000000008a400000, 0x000000008a400000, 0x000000008a500000|  0%| F|  |TAMS 0x000000008a400000, 0x000000008a400000| Untracked 
|  17|0x000000008a500000, 0x000000008a500000, 0x000000008a600000|  0%| F|  |TAMS 0x000000008a500000, 0x000000008a500000| Untracked 
|  18|0x000000008a600000, 0x000000008a600000, 0x000000008a700000|  0%| F|  |TAMS 0x000000008a600000, 0x000000008a600000| Untracked 
|  19|0x000000008a700000, 0x000000008a700000, 0x000000008a800000|  0%| F|  |TAMS 0x000000008a700000, 0x000000008a700000| Untracked 
|  20|0x000000008a800000, 0x000000008a800000, 0x000000008a900000|  0%| F|  |TAMS 0x000000008a800000, 0x000000008a800000| Untracked 
|  21|0x000000008a900000, 0x000000008a900000, 0x000000008aa00000|  0%| F|  |TAMS 0x000000008a900000, 0x000000008a900000| Untracked 
|  22|0x000000008aa00000, 0x000000008aa00000, 0x000000008ab00000|  0%| F|  |TAMS 0x000000008aa00000, 0x000000008aa00000| Untracked 
|  23|0x000000008ab00000, 0x000000008ab00000, 0x000000008ac00000|  0%| F|  |TAMS 0x000000008ab00000, 0x000000008ab00000| Untracked 
|  24|0x000000008ac00000, 0x000000008ac00000, 0x000000008ad00000|  0%| F|  |TAMS 0x000000008ac00000, 0x000000008ac00000| Untracked 
|  25|0x000000008ad00000, 0x000000008ad00000, 0x000000008ae00000|  0%| F|  |TAMS 0x000000008ad00000, 0x000000008ad00000| Untracked 
|  26|0x000000008ae00000, 0x000000008ae00000, 0x000000008af00000|  0%| F|  |TAMS 0x000000008ae00000, 0x000000008ae00000| Untracked 
|  27|0x000000008af00000, 0x000000008af00000, 0x000000008b000000|  0%| F|  |TAMS 0x000000008af00000, 0x000000008af00000| Untracked 
|  28|0x000000008b000000, 0x000000008b000000, 0x000000008b100000|  0%| F|  |TAMS 0x000000008b000000, 0x000000008b000000| Untracked 
|  29|0x000000008b100000, 0x000000008b100000, 0x000000008b200000|  0%| F|  |TAMS 0x000000008b100000, 0x000000008b100000| Untracked 
|  30|0x000000008b200000, 0x000000008b200000, 0x000000008b300000|  0%| F|  |TAMS 0x000000008b200000, 0x000000008b200000| Untracked 
|  31|0x000000008b300000, 0x000000008b300000, 0x000000008b400000|  0%| F|  |TAMS 0x000000008b300000, 0x000000008b300000| Untracked 
|  32|0x000000008b400000, 0x000000008b400000, 0x000000008b500000|  0%| F|  |TAMS 0x000000008b400000, 0x000000008b400000| Untracked 
|  33|0x000000008b500000, 0x000000008b500000, 0x000000008b600000|  0%| F|  |TAMS 0x000000008b500000, 0x000000008b500000| Untracked 
|  34|0x000000008b600000, 0x000000008b600000, 0x000000008b700000|  0%| F|  |TAMS 0x000000008b600000, 0x000000008b600000| Untracked 
|  35|0x000000008b700000, 0x000000008b700000, 0x000000008b800000|  0%| F|  |TAMS 0x000000008b700000, 0x000000008b700000| Untracked 
|  36|0x000000008b800000, 0x000000008b800000, 0x000000008b900000|  0%| F|  |TAMS 0x000000008b800000, 0x000000008b800000| Untracked 
|  37|0x000000008b900000, 0x000000008b900000, 0x000000008ba00000|  0%| F|  |TAMS 0x000000008b900000, 0x000000008b900000| Untracked 
|  38|0x000000008ba00000, 0x000000008ba00000, 0x000000008bb00000|  0%| F|  |TAMS 0x000000008ba00000, 0x000000008ba00000| Untracked 
|  39|0x000000008bb00000, 0x000000008bb00000, 0x000000008bc00000|  0%| F|  |TAMS 0x000000008bb00000, 0x000000008bb00000| Untracked 
|  40|0x000000008bc00000, 0x000000008bc00000, 0x000000008bd00000|  0%| F|  |TAMS 0x000000008bc00000, 0x000000008bc00000| Untracked 
|  41|0x000000008bd00000, 0x000000008bd00000, 0x000000008be00000|  0%| F|  |TAMS 0x000000008bd00000, 0x000000008bd00000| Untracked 
|  42|0x000000008be00000, 0x000000008be00000, 0x000000008bf00000|  0%| F|  |TAMS 0x000000008be00000, 0x000000008be00000| Untracked 
|  43|0x000000008bf00000, 0x000000008bf00000, 0x000000008c000000|  0%| F|  |TAMS 0x000000008bf00000, 0x000000008bf00000| Untracked 
|  44|0x000000008c000000, 0x000000008c000000, 0x000000008c100000|  0%| F|  |TAMS 0x000000008c000000, 0x000000008c000000| Untracked 
|  45|0x000000008c100000, 0x000000008c100000, 0x000000008c200000|  0%| F|  |TAMS 0x000000008c100000, 0x000000008c100000| Untracked 
|  46|0x000000008c200000, 0x000000008c200000, 0x000000008c300000|  0%| F|  |TAMS 0x000000008c200000, 0x000000008c200000| Untracked 
|  47|0x000000008c300000, 0x000000008c300000, 0x000000008c400000|  0%| F|  |TAMS 0x000000008c300000, 0x000000008c300000| Untracked 
|  48|0x000000008c400000, 0x000000008c400000, 0x000000008c500000|  0%| F|  |TAMS 0x000000008c400000, 0x000000008c400000| Untracked 
|  49|0x000000008c500000, 0x000000008c500000, 0x000000008c600000|  0%| F|  |TAMS 0x000000008c500000, 0x000000008c500000| Untracked 
|  50|0x000000008c600000, 0x000000008c600000, 0x000000008c700000|  0%| F|  |TAMS 0x000000008c600000, 0x000000008c600000| Untracked 
|  51|0x000000008c700000, 0x000000008c700000, 0x000000008c800000|  0%| F|  |TAMS 0x000000008c700000, 0x000000008c700000| Untracked 
|  52|0x000000008c800000, 0x000000008c800000, 0x000000008c900000|  0%| F|  |TAMS 0x000000008c800000, 0x000000008c800000| Untracked 
|  53|0x000000008c900000, 0x000000008c900000, 0x000000008ca00000|  0%| F|  |TAMS 0x000000008c900000, 0x000000008c900000| Untracked 
|  54|0x000000008ca00000, 0x000000008ca00000, 0x000000008cb00000|  0%| F|  |TAMS 0x000000008ca00000, 0x000000008ca00000| Untracked 
|  55|0x000000008cb00000, 0x000000008cb00000, 0x000000008cc00000|  0%| F|  |TAMS 0x000000008cb00000, 0x000000008cb00000| Untracked 
|  56|0x000000008cc00000, 0x000000008cc00000, 0x000000008cd00000|  0%| F|  |TAMS 0x000000008cc00000, 0x000000008cc00000| Untracked 
|  57|0x000000008cd00000, 0x000000008cd00000, 0x000000008ce00000|  0%| F|  |TAMS 0x000000008cd00000, 0x000000008cd00000| Untracked 
|  58|0x000000008ce00000, 0x000000008ce00000, 0x000000008cf00000|  0%| F|  |TAMS 0x000000008ce00000, 0x000000008ce00000| Untracked 
|  59|0x000000008cf00000, 0x000000008cf00000, 0x000000008d000000|  0%| F|  |TAMS 0x000000008cf00000, 0x000000008cf00000| Untracked 
|  60|0x000000008d000000, 0x000000008d000000, 0x000000008d100000|  0%| F|  |TAMS 0x000000008d000000, 0x000000008d000000| Untracked 
|  61|0x000000008d100000, 0x000000008d100000, 0x000000008d200000|  0%| F|  |TAMS 0x000000008d100000, 0x000000008d100000| Untracked 
|  62|0x000000008d200000, 0x000000008d200000, 0x000000008d300000|  0%| F|  |TAMS 0x000000008d200000, 0x000000008d200000| Untracked 
|  63|0x000000008d300000, 0x000000008d300000, 0x000000008d400000|  0%| F|  |TAMS 0x000000008d300000, 0x000000008d300000| Untracked 
|  64|0x000000008d400000, 0x000000008d400000, 0x000000008d500000|  0%| F|  |TAMS 0x000000008d400000, 0x000000008d400000| Untracked 
|  65|0x000000008d500000, 0x000000008d500000, 0x000000008d600000|  0%| F|  |TAMS 0x000000008d500000, 0x000000008d500000| Untracked 
|  66|0x000000008d600000, 0x000000008d600000, 0x000000008d700000|  0%| F|  |TAMS 0x000000008d600000, 0x000000008d600000| Untracked 
|  67|0x000000008d700000, 0x000000008d700000, 0x000000008d800000|  0%| F|  |TAMS 0x000000008d700000, 0x000000008d700000| Untracked 
|  68|0x000000008d800000, 0x000000008d800000, 0x000000008d900000|  0%| F|  |TAMS 0x000000008d800000, 0x000000008d800000| Untracked 
|  69|0x000000008d900000, 0x000000008d900000, 0x000000008da00000|  0%| F|  |TAMS 0x000000008d900000, 0x000000008d900000| Untracked 
|  70|0x000000008da00000, 0x000000008da00000, 0x000000008db00000|  0%| F|  |TAMS 0x000000008da00000, 0x000000008da00000| Untracked 
|  71|0x000000008db00000, 0x000000008db00000, 0x000000008dc00000|  0%| F|  |TAMS 0x000000008db00000, 0x000000008db00000| Untracked 
|  72|0x000000008dc00000, 0x000000008dc00000, 0x000000008dd00000|  0%| F|  |TAMS 0x000000008dc00000, 0x000000008dc00000| Untracked 
|  73|0x000000008dd00000, 0x000000008dd00000, 0x000000008de00000|  0%| F|  |TAMS 0x000000008dd00000, 0x000000008dd00000| Untracked 
|  74|0x000000008de00000, 0x000000008de00000, 0x000000008df00000|  0%| F|  |TAMS 0x000000008de00000, 0x000000008de00000| Untracked 
|  75|0x000000008df00000, 0x000000008df00000, 0x000000008e000000|  0%| F|  |TAMS 0x000000008df00000, 0x000000008df00000| Untracked 
|  76|0x000000008e000000, 0x000000008e000000, 0x000000008e100000|  0%| F|  |TAMS 0x000000008e000000, 0x000000008e000000| Untracked 
|  77|0x000000008e100000, 0x000000008e100000, 0x000000008e200000|  0%| F|  |TAMS 0x000000008e100000, 0x000000008e100000| Untracked 
|  78|0x000000008e200000, 0x000000008e200000, 0x000000008e300000|  0%| F|  |TAMS 0x000000008e200000, 0x000000008e200000| Untracked 
|  79|0x000000008e300000, 0x000000008e300000, 0x000000008e400000|  0%| F|  |TAMS 0x000000008e300000, 0x000000008e300000| Untracked 
|  80|0x000000008e400000, 0x000000008e400000, 0x000000008e500000|  0%| F|  |TAMS 0x000000008e400000, 0x000000008e400000| Untracked 
|  81|0x000000008e500000, 0x000000008e500000, 0x000000008e600000|  0%| F|  |TAMS 0x000000008e500000, 0x000000008e500000| Untracked 
|  82|0x000000008e600000, 0x000000008e600000, 0x000000008e700000|  0%| F|  |TAMS 0x000000008e600000, 0x000000008e600000| Untracked 
|  83|0x000000008e700000, 0x000000008e700000, 0x000000008e800000|  0%| F|  |TAMS 0x000000008e700000, 0x000000008e700000| Untracked 
|  84|0x000000008e800000, 0x000000008e800000, 0x000000008e900000|  0%| F|  |TAMS 0x000000008e800000, 0x000000008e800000| Untracked 
|  85|0x000000008e900000, 0x000000008e900000, 0x000000008ea00000|  0%| F|  |TAMS 0x000000008e900000, 0x000000008e900000| Untracked 
|  86|0x000000008ea00000, 0x000000008ea00000, 0x000000008eb00000|  0%| F|  |TAMS 0x000000008ea00000, 0x000000008ea00000| Untracked 
|  87|0x000000008eb00000, 0x000000008eb00000, 0x000000008ec00000|  0%| F|  |TAMS 0x000000008eb00000, 0x000000008eb00000| Untracked 
|  88|0x000000008ec00000, 0x000000008ec00000, 0x000000008ed00000|  0%| F|  |TAMS 0x000000008ec00000, 0x000000008ec00000| Untracked 
|  89|0x000000008ed00000, 0x000000008ed00000, 0x000000008ee00000|  0%| F|  |TAMS 0x000000008ed00000, 0x000000008ed00000| Untracked 
|  90|0x000000008ee00000, 0x000000008ee00000, 0x000000008ef00000|  0%| F|  |TAMS 0x000000008ee00000, 0x000000008ee00000| Untracked 
|  91|0x000000008ef00000, 0x000000008ef00000, 0x000000008f000000|  0%| F|  |TAMS 0x000000008ef00000, 0x000000008ef00000| Untracked 
|  92|0x000000008f000000, 0x000000008f000000, 0x000000008f100000|  0%| F|  |TAMS 0x000000008f000000, 0x000000008f000000| Untracked 
|  93|0x000000008f100000, 0x000000008f100000, 0x000000008f200000|  0%| F|  |TAMS 0x000000008f100000, 0x000000008f100000| Untracked 
|  94|0x000000008f200000, 0x000000008f200000, 0x000000008f300000|  0%| F|  |TAMS 0x000000008f200000, 0x000000008f200000| Untracked 
|  95|0x000000008f300000, 0x000000008f300000, 0x000000008f400000|  0%| F|  |TAMS 0x000000008f300000, 0x000000008f300000| Untracked 
|  96|0x000000008f400000, 0x000000008f400000, 0x000000008f500000|  0%| F|  |TAMS 0x000000008f400000, 0x000000008f400000| Untracked 
|  97|0x000000008f500000, 0x000000008f500000, 0x000000008f600000|  0%| F|  |TAMS 0x000000008f500000, 0x000000008f500000| Untracked 
|  98|0x000000008f600000, 0x000000008f600000, 0x000000008f700000|  0%| F|  |TAMS 0x000000008f600000, 0x000000008f600000| Untracked 
|  99|0x000000008f700000, 0x000000008f700000, 0x000000008f800000|  0%| F|  |TAMS 0x000000008f700000, 0x000000008f700000| Untracked 
| 100|0x000000008f800000, 0x000000008f800000, 0x000000008f900000|  0%| F|  |TAMS 0x000000008f800000, 0x000000008f800000| Untracked 
| 101|0x000000008f900000, 0x000000008f900000, 0x000000008fa00000|  0%| F|  |TAMS 0x000000008f900000, 0x000000008f900000| Untracked 
| 102|0x000000008fa00000, 0x000000008fa00000, 0x000000008fb00000|  0%| F|  |TAMS 0x000000008fa00000, 0x000000008fa00000| Untracked 
| 103|0x000000008fb00000, 0x000000008fb00000, 0x000000008fc00000|  0%| F|  |TAMS 0x000000008fb00000, 0x000000008fb00000| Untracked 
| 104|0x000000008fc00000, 0x000000008fc00000, 0x000000008fd00000|  0%| F|  |TAMS 0x000000008fc00000, 0x000000008fc00000| Untracked 
| 105|0x000000008fd00000, 0x000000008fd00000, 0x000000008fe00000|  0%| F|  |TAMS 0x000000008fd00000, 0x000000008fd00000| Untracked 
| 106|0x000000008fe00000, 0x000000008fe00000, 0x000000008ff00000|  0%| F|  |TAMS 0x000000008fe00000, 0x000000008fe00000| Untracked 
| 107|0x000000008ff00000, 0x000000008ff00000, 0x0000000090000000|  0%| F|  |TAMS 0x000000008ff00000, 0x000000008ff00000| Untracked 
| 108|0x0000000090000000, 0x0000000090000000, 0x0000000090100000|  0%| F|  |TAMS 0x0000000090000000, 0x0000000090000000| Untracked 
| 109|0x0000000090100000, 0x0000000090100000, 0x0000000090200000|  0%| F|  |TAMS 0x0000000090100000, 0x0000000090100000| Untracked 
| 110|0x0000000090200000, 0x0000000090200000, 0x0000000090300000|  0%| F|  |TAMS 0x0000000090200000, 0x0000000090200000| Untracked 
| 111|0x0000000090300000, 0x0000000090300000, 0x0000000090400000|  0%| F|  |TAMS 0x0000000090300000, 0x0000000090300000| Untracked 
| 112|0x0000000090400000, 0x0000000090400000, 0x0000000090500000|  0%| F|  |TAMS 0x0000000090400000, 0x0000000090400000| Untracked 
| 113|0x0000000090500000, 0x0000000090500000, 0x0000000090600000|  0%| F|  |TAMS 0x0000000090500000, 0x0000000090500000| Untracked 
| 114|0x0000000090600000, 0x0000000090600000, 0x0000000090700000|  0%| F|  |TAMS 0x0000000090600000, 0x0000000090600000| Untracked 
| 115|0x0000000090700000, 0x0000000090700000, 0x0000000090800000|  0%| F|  |TAMS 0x0000000090700000, 0x0000000090700000| Untracked 
| 116|0x0000000090800000, 0x0000000090900000, 0x0000000090900000|100%| E|  |TAMS 0x0000000090800000, 0x0000000090800000| Complete 
| 117|0x0000000090900000, 0x0000000090a00000, 0x0000000090a00000|100%| E|CS|TAMS 0x0000000090900000, 0x0000000090900000| Complete 
| 118|0x0000000090a00000, 0x0000000090b00000, 0x0000000090b00000|100%| E|CS|TAMS 0x0000000090a00000, 0x0000000090a00000| Complete 
| 119|0x0000000090b00000, 0x0000000090c00000, 0x0000000090c00000|100%| E|CS|TAMS 0x0000000090b00000, 0x0000000090b00000| Complete 

Card table byte_map: [0x0000019042010000,0x00000190423d0000] _byte_map_base: 0x0000019041bc6000

Marking Bits (Prev, Next): (CMBitMap*) 0x000001902d343a40, (CMBitMap*) 0x000001902d343a80
 Prev Bits: [0x0000019042790000, 0x0000019044540000)
 Next Bits: [0x0000019044540000, 0x00000190462f0000)

Polling page: 0x000001902d3a0000

Metaspace:

Usage:
  Non-class:      8.65 MB used.
      Class:    921.08 KB used.
       Both:      9.55 MB used.

Virtual space:
  Non-class space:       64.00 MB reserved,       8.69 MB ( 14%) committed,  1 nodes.
      Class space:        1.00 GB reserved,       1.00 MB ( <1%) committed,  1 nodes.
             Both:        1.06 GB reserved,       9.69 MB ( <1%) committed. 

Chunk freelists:
   Non-Class:  6.97 MB
       Class:  15.04 MB
        Both:  22.01 MB

MaxMetaspaceSize: unlimited
CompressedClassSpaceSize: 1.00 GB
Initial GC threshold: 21.00 MB
Current GC threshold: 21.00 MB
CDS: off
MetaspaceReclaimPolicy: balanced
 - commit_granule_bytes: 65536.
 - commit_granule_words: 8192.
 - virtual_space_node_default_size: 8388608.
 - enlarge_chunks_in_place: 1.
 - new_chunks_are_fully_committed: 0.
 - uncommit_free_chunks: 1.
 - use_allocation_guard: 0.
 - handle_deallocations: 1.


Internal statistics:

num_allocs_failed_limit: 0.
num_arena_births: 24.
num_arena_deaths: 0.
num_vsnodes_births: 2.
num_vsnodes_deaths: 0.
num_space_committed: 155.
num_space_uncommitted: 0.
num_chunks_returned_to_freelist: 0.
num_chunks_taken_from_freelist: 55.
num_chunk_merges: 0.
num_chunk_splits: 26.
num_chunks_enlarged: 15.
num_inconsistent_stats: 0.

CodeHeap 'non-profiled nmethods': size=120000Kb used=108Kb max_used=108Kb free=119891Kb
 bounds [0x0000019039aa0000, 0x0000019039d10000, 0x0000019040fd0000]
CodeHeap 'profiled nmethods': size=120000Kb used=514Kb max_used=514Kb free=119485Kb
 bounds [0x0000019031fd0000, 0x0000019032240000, 0x0000019039500000]
CodeHeap 'non-nmethods': size=5760Kb used=1142Kb max_used=1156Kb free=4617Kb
 bounds [0x0000019039500000, 0x0000019039770000, 0x0000019039aa0000]
 total_blobs=823 nmethods=393 adapters=343
 compilation: enabled
              stopped_count=0, restarted_count=0
 full_count=0

Compilation events (20 events):
Event: 0.299 Thread 0x00000190491c62a0 nmethod 375 0x000001903204f490 code [0x000001903204f640, 0x000001903204f8f8]
Event: 0.301 Thread 0x00000190491c62a0  379       3       java.util.concurrent.ConcurrentHashMap::isEmpty (15 bytes)
Event: 0.301 Thread 0x00000190491c62a0 nmethod 379 0x000001903204fa10 code [0x000001903204fbc0, 0x000001903204fd68]
Event: 0.326 Thread 0x00000190491c62a0  380       3       java.lang.StringCoding::hasNegatives (25 bytes)
Event: 0.326 Thread 0x00000190491c62a0 nmethod 380 0x000001903204fe10 code [0x000001903204ffc0, 0x00000190320501f8]
Event: 0.326 Thread 0x00000190491c62a0  381       1       java.nio.charset.CharsetEncoder::maxBytesPerChar (5 bytes)
Event: 0.326 Thread 0x00000190491c62a0 nmethod 381 0x0000019039ab8d90 code [0x0000019039ab8f20, 0x0000019039ab8ff8]
Event: 0.326 Thread 0x00000190491c62a0  382       1       sun.nio.cs.SingleByte$Encoder::isASCIICompatible (5 bytes)
Event: 0.326 Thread 0x00000190491c62a0 nmethod 382 0x0000019039ab9090 code [0x0000019039ab9220, 0x0000019039ab92f8]
Event: 0.330 Thread 0x00000190491c62a0  383       1       sun.nio.fs.NativeBuffer::address (5 bytes)
Event: 0.330 Thread 0x00000190491c62a0 nmethod 383 0x0000019039ab9390 code [0x0000019039ab9520, 0x0000019039ab95f8]
Event: 0.334 Thread 0x00000190491c62a0  384       1       sun.nio.fs.WindowsPath::getFileSystem (5 bytes)
Event: 0.334 Thread 0x00000190491c53e0  385 %     4       java.lang.StringLatin1::lastIndexOf @ 18 (40 bytes)
Event: 0.334 Thread 0x00000190491c62a0 nmethod 384 0x0000019039ab9690 code [0x0000019039ab9820, 0x0000019039ab98f8]
Event: 0.335 Thread 0x00000190491c53e0 nmethod 385% 0x0000019039ab9990 code [0x0000019039ab9b20, 0x0000019039ab9c38]
Event: 0.339 Thread 0x00000190491c62a0  388       3       jdk.internal.misc.Unsafe::getInt (7 bytes)
Event: 0.339 Thread 0x00000190491c53e0  387       4       java.lang.StringBuilder::append (8 bytes)
Event: 0.339 Thread 0x00000190491c62a0 nmethod 388 0x0000019032050310 code [0x00000190320504a0, 0x00000190320505b8]
Event: 0.339 Thread 0x00000190491c62a0  389       3       jdk.internal.misc.Unsafe::getLong (7 bytes)
Event: 0.339 Thread 0x00000190491c62a0 nmethod 389 0x0000019032050690 code [0x0000019032050820, 0x0000019032050938]

GC Heap History (0 events):
No events

Dll operation events (1 events):
Event: 0.010 Loaded shared library C:\Program Files\Android\Android Studio\jbr\bin\java.dll

Deoptimization events (0 events):
No events

Classes unloaded (0 events):
No events

Classes redefined (0 events):
No events

Internal exceptions (8 events):
Event: 0.224 Thread 0x000001902d2eba90 Exception <a 'sun/nio/fs/WindowsException'{0x00000000909778f8}> (0x00000000909778f8) 
thrown [s\src\hotspot\share\prims\jni.cpp, line 531]
Event: 0.246 Thread 0x000001902d2eba90 Exception <a 'java/lang/NoSuchMethodError'{0x00000000909a2de0}: 'int java.lang.invoke.DirectMethodHandle$Holder.invokeStaticInit(java.lang.Object, java.lang.Object, java.lang.Object, java.lang.Object)'> (0x00000000909a2de0) 
thrown [s\src\hotspot\share\interpreter\linkResolver.cpp, line 771]
Event: 0.248 Thread 0x000001902d2eba90 Exception <a 'java/lang/NoSuchMethodError'{0x00000000909ada40}: 'java.lang.Object java.lang.invoke.DirectMethodHandle$Holder.invokeInterface(java.lang.Object, java.lang.Object)'> (0x00000000909ada40) 
thrown [s\src\hotspot\share\interpreter\linkResolver.cpp, line 771]
Event: 0.248 Thread 0x000001902d2eba90 Exception <a 'java/lang/IncompatibleClassChangeError'{0x00000000909b1360}: Found class java.lang.Object, but interface was expected> (0x00000000909b1360) 
thrown [s\src\hotspot\share\interpreter\linkResolver.cpp, line 838]
Event: 0.249 Thread 0x000001902d2eba90 Exception <a 'java/lang/NoSuchMethodError'{0x00000000909b4780}: 'void java.lang.invoke.DirectMethodHandle$Holder.invokeStatic(java.lang.Object, java.lang.Object)'> (0x00000000909b4780) 
thrown [s\src\hotspot\share\interpreter\linkResolver.cpp, line 771]
Event: 0.249 Thread 0x000001902d2eba90 Exception <a 'java/lang/NoSuchMethodError'{0x00000000909b8098}: 'void java.lang.invoke.DirectMethodHandle$Holder.invokeStaticInit(java.lang.Object, java.lang.Object)'> (0x00000000909b8098) 
thrown [s\src\hotspot\share\interpreter\linkResolver.cpp, line 771]
Event: 0.251 Thread 0x000001902d2eba90 Exception <a 'java/lang/NoSuchMethodError'{0x00000000909be990}: 'int java.lang.invoke.DirectMethodHandle$Holder.invokeStaticInit(java.lang.Object, java.lang.Object)'> (0x00000000909be990) 
thrown [s\src\hotspot\share\interpreter\linkResolver.cpp, line 771]
Event: 0.285 Thread 0x000001902d2eba90 Exception <a 'java/lang/NoSuchMethodError'{0x00000000908a5a98}: 'java.lang.Object java.lang.invoke.DirectMethodHandle$Holder.invokeStaticInit(java.lang.Object, int, int, int, int)'> (0x00000000908a5a98) 
thrown [s\src\hotspot\share\interpreter\linkResolver.cpp, line 771]

VM Operations (6 events):
Event: 0.118 Executing VM operation: HandshakeAllThreads
Event: 0.118 Executing VM operation: HandshakeAllThreads done
Event: 0.134 Executing VM operation: HandshakeAllThreads
Event: 0.134 Executing VM operation: HandshakeAllThreads done
Event: 0.300 Executing VM operation: HandshakeAllThreads
Event: 0.300 Executing VM operation: HandshakeAllThreads done

Events (20 events):
Event: 0.301 loading class java/net/Inet6AddressImpl
Event: 0.301 loading class java/net/InetAddressImpl
Event: 0.301 loading class java/net/InetAddressImpl done
Event: 0.301 loading class java/net/Inet6AddressImpl done
Event: 0.301 loading class java/net/InetAddress$PlatformNameService
Event: 0.301 loading class java/net/InetAddress$NameService
Event: 0.301 loading class java/net/InetAddress$NameService done
Event: 0.301 loading class java/net/InetAddress$PlatformNameService done
Event: 0.301 loading class java/net/Inet4Address
Event: 0.301 loading class java/net/Inet4Address done
Event: 0.301 loading class java/net/Inet6Address
Event: 0.301 loading class java/net/Inet6Address done
Event: 0.301 loading class java/net/Inet6Address$Inet6AddressHolder
Event: 0.301 loading class java/net/Inet6Address$Inet6AddressHolder done
Event: 0.301 loading class java/net/DefaultInterface
Event: 0.301 loading class java/net/DefaultInterface done
Event: 0.312 loading class java/net/NetworkInterface$1
Event: 0.313 loading class java/net/NetworkInterface$1 done
Event: 0.323 loading class java/nio/file/Files$AcceptAllFilter
Event: 0.323 loading class java/nio/file/Files$AcceptAllFilter done


Dynamic libraries:
0x00007ff73c510000 - 0x00007ff73c51a000 	C:\Program Files\Android\Android Studio\jbr\bin\java.exe
0x00007ffb8c3d0000 - 0x00007ffb8c5e7000 	C:\WINDOWS\SYSTEM32\ntdll.dll
0x00007ffb8a660000 - 0x00007ffb8a724000 	C:\WINDOWS\System32\KERNEL32.DLL
0x00007ffb897d0000 - 0x00007ffb89b87000 	C:\WINDOWS\System32\KERNELBASE.dll
0x00007ffb89bc0000 - 0x00007ffb89cd1000 	C:\WINDOWS\System32\ucrtbase.dll
0x00007ffb69f10000 - 0x00007ffb69f27000 	C:\Program Files\Android\Android Studio\jbr\bin\jli.dll
0x00007ffb7b580000 - 0x00007ffb7b59b000 	C:\Program Files\Android\Android Studio\jbr\bin\VCRUNTIME140.dll
0x00007ffb8a260000 - 0x00007ffb8a40f000 	C:\WINDOWS\System32\USER32.dll
0x00007ffb89f70000 - 0x00007ffb89f96000 	C:\WINDOWS\System32\win32u.dll
0x00007ffb80fd0000 - 0x00007ffb81263000 	C:\WINDOWS\WinSxS\amd64_microsoft.windows.common-controls_6595b64144ccf1df_6.0.22621.3672_none_2713b9d173822955\COMCTL32.dll
0x00007ffb8c250000 - 0x00007ffb8c279000 	C:\WINDOWS\System32\GDI32.dll
0x00007ffb8a5b0000 - 0x00007ffb8a657000 	C:\WINDOWS\System32\msvcrt.dll
0x00007ffb89ce0000 - 0x00007ffb89df8000 	C:\WINDOWS\System32\gdi32full.dll
0x00007ffb89fa0000 - 0x00007ffb8a03a000 	C:\WINDOWS\System32\msvcp_win.dll
0x00007ffb8a570000 - 0x00007ffb8a5a1000 	C:\WINDOWS\System32\IMM32.DLL
0x00007ffb7b7f0000 - 0x00007ffb7b7fc000 	C:\Program Files\Android\Android Studio\jbr\bin\vcruntime140_1.dll
0x00007ffb4c1f0000 - 0x00007ffb4c27d000 	C:\Program Files\Android\Android Studio\jbr\bin\msvcp140.dll
0x00007ffb395b0000 - 0x00007ffb3a233000 	C:\Program Files\Android\Android Studio\jbr\bin\server\jvm.dll
0x00007ffb8a730000 - 0x00007ffb8a7e2000 	C:\WINDOWS\System32\ADVAPI32.dll
0x00007ffb8aea0000 - 0x00007ffb8af48000 	C:\WINDOWS\System32\sechost.dll
0x00007ffb89b90000 - 0x00007ffb89bb8000 	C:\WINDOWS\System32\bcrypt.dll
0x00007ffb8b6e0000 - 0x00007ffb8b7f4000 	C:\WINDOWS\System32\RPCRT4.dll
0x00007ffb89500000 - 0x00007ffb8954d000 	C:\WINDOWS\SYSTEM32\POWRPROF.dll
0x00007ffb84cc0000 - 0x00007ffb84cf4000 	C:\WINDOWS\SYSTEM32\WINMM.dll
0x00007ffb828f0000 - 0x00007ffb828fa000 	C:\WINDOWS\SYSTEM32\VERSION.dll
0x00007ffb6da60000 - 0x00007ffb6da69000 	C:\WINDOWS\SYSTEM32\WSOCK32.dll
0x00007ffb8b660000 - 0x00007ffb8b6d1000 	C:\WINDOWS\System32\WS2_32.dll
0x00007ffb894e0000 - 0x00007ffb894f3000 	C:\WINDOWS\SYSTEM32\UMPDC.dll
0x00007ffb88700000 - 0x00007ffb88718000 	C:\WINDOWS\SYSTEM32\kernel.appcore.dll
0x00007ffb7aab0000 - 0x00007ffb7aaba000 	C:\Program Files\Android\Android Studio\jbr\bin\jimage.dll
0x00007ffb81c30000 - 0x00007ffb81e62000 	C:\WINDOWS\SYSTEM32\DBGHELP.DLL
0x00007ffb8b040000 - 0x00007ffb8b3ce000 	C:\WINDOWS\System32\combase.dll
0x00007ffb8af50000 - 0x00007ffb8b027000 	C:\WINDOWS\System32\OLEAUT32.dll
0x00007ffb7cac0000 - 0x00007ffb7caf2000 	C:\WINDOWS\SYSTEM32\dbgcore.DLL
0x00007ffb89750000 - 0x00007ffb897cb000 	C:\WINDOWS\System32\bcryptPrimitives.dll
0x00007ffb6cb50000 - 0x00007ffb6cb75000 	C:\Program Files\Android\Android Studio\jbr\bin\java.dll
0x00007ffb71e50000 - 0x00007ffb71e68000 	C:\Program Files\Android\Android Studio\jbr\bin\zip.dll
0x00007ffb8b800000 - 0x00007ffb8c069000 	C:\WINDOWS\System32\SHELL32.dll
0x00007ffb87600000 - 0x00007ffb87eff000 	C:\WINDOWS\SYSTEM32\windows.storage.dll
0x00007ffb874c0000 - 0x00007ffb875ff000 	C:\WINDOWS\SYSTEM32\wintypes.dll
0x00007ffb8a470000 - 0x00007ffb8a569000 	C:\WINDOWS\System32\SHCORE.dll
0x00007ffb8a410000 - 0x00007ffb8a46e000 	C:\WINDOWS\System32\shlwapi.dll
0x00007ffb89610000 - 0x00007ffb89637000 	C:\WINDOWS\SYSTEM32\profapi.dll
0x00007ffb71c70000 - 0x00007ffb71c89000 	C:\Program Files\Android\Android Studio\jbr\bin\net.dll
0x00007ffb863a0000 - 0x00007ffb864d6000 	C:\WINDOWS\SYSTEM32\WINHTTP.dll
0x00007ffb88b60000 - 0x00007ffb88bc9000 	C:\WINDOWS\system32\mswsock.dll
0x00007ffb6c7e0000 - 0x00007ffb6c7f6000 	C:\Program Files\Android\Android Studio\jbr\bin\nio.dll
0x00007ffb88da0000 - 0x00007ffb88dbb000 	C:\WINDOWS\SYSTEM32\CRYPTSP.dll
0x00007ffb88650000 - 0x00007ffb88685000 	C:\WINDOWS\system32\rsaenh.dll
0x00007ffb88c20000 - 0x00007ffb88c48000 	C:\WINDOWS\SYSTEM32\USERENV.dll
0x00007ffb88dc0000 - 0x00007ffb88dcc000 	C:\WINDOWS\SYSTEM32\CRYPTBASE.dll
0x00007ffb88160000 - 0x00007ffb8818d000 	C:\WINDOWS\SYSTEM32\IPHLPAPI.DLL
0x00007ffb8b030000 - 0x00007ffb8b039000 	C:\WINDOWS\System32\NSI.dll
0x00007ffb85150000 - 0x00007ffb85169000 	C:\WINDOWS\SYSTEM32\dhcpcsvc6.DLL
0x00007ffb850f0000 - 0x00007ffb8510f000 	C:\WINDOWS\SYSTEM32\dhcpcsvc.DLL
0x00007ffb88190000 - 0x00007ffb88292000 	C:\WINDOWS\SYSTEM32\DNSAPI.dll

dbghelp: loaded successfully - version: 4.0.5 - missing functions: none
symbol engine: initialized successfully - sym options: 0x614 - pdb path: .;C:\Program Files\Android\Android Studio\jbr\bin;C:\WINDOWS\SYSTEM32;C:\WINDOWS\WinSxS\amd64_microsoft.windows.common-controls_6595b64144ccf1df_6.0.22621.3672_none_2713b9d173822955;C:\Program Files\Android\Android Studio\jbr\bin\server

VM Arguments:
java_command: git4idea.http.GitAskPassApp Username for 'https://github.com': 
java_class_path (initial): C:/Program Files/Android/Android Studio/plugins/vcs-git/lib/git4idea-rt.jar;C:/Program Files/Android/Android Studio/lib/externalProcess-rt.jar
Launcher Type: SUN_STANDARD

[Global flags]
     intx CICompilerCount                          = 4                                         {product} {ergonomic}
     uint ConcGCThreads                            = 3                                         {product} {ergonomic}
     uint G1ConcRefinementThreads                  = 10                                        {product} {ergonomic}
   size_t G1HeapRegionSize                         = 1048576                                   {product} {ergonomic}
    uintx GCDrainStackTargetSize                   = 64                                        {product} {ergonomic}
   size_t InitialHeapSize                          = 125829120                                 {product} {ergonomic}
   size_t MarkStackSize                            = 4194304                                   {product} {ergonomic}
   size_t MaxHeapSize                              = 1992294400                                {product} {ergonomic}
   size_t MaxNewSize                               = 1195376640                                {product} {ergonomic}
   size_t MinHeapDeltaBytes                        = 1048576                                   {product} {ergonomic}
   size_t MinHeapSize                              = 8388608                                   {product} {ergonomic}
    uintx NonNMethodCodeHeapSize                   = 5839372                                {pd product} {ergonomic}
    uintx NonProfiledCodeHeapSize                  = 122909434                              {pd product} {ergonomic}
    uintx ProfiledCodeHeapSize                     = 122909434                              {pd product} {ergonomic}
    uintx ReservedCodeCacheSize                    = 251658240                              {pd product} {ergonomic}
     bool SegmentedCodeCache                       = true                                      {product} {ergonomic}
   size_t SoftMaxHeapSize                          = 1992294400                             {manageable} {ergonomic}
     bool UseCompressedClassPointers               = true                           {product lp64_product} {ergonomic}
     bool UseCompressedOops                        = true                           {product lp64_product} {ergonomic}
     bool UseG1GC                                  = true                                      {product} {ergonomic}
     bool UseLargePagesIndividualAllocation        = false                                  {pd product} {ergonomic}

Logging:
Log output configuration:
 #0: stdout all=warning uptime,level,tags
 #1: stderr all=off uptime,level,tags

Environment Variables:
PATH=C:\Program Files\Git\mingw64\libexec\git-core;C:\Program Files\Git\mingw64\libexec\git-core;C:\Program Files\Git\mingw64\bin;C:\Program Files\Git\usr\bin;C:\Users\Usuario\bin;C:\Program Files\Common Files\Oracle\Java\javapath;C:\Program Files (x86)\Common Files\Oracle\Java\javapath;C:\Windows\system32;C:\Windows;C:\Windows\System32\Wbem;C:\Windows\System32\WindowsPowerShell\v1.0;C:\Windows\System32\OpenSSH;C:\Program Files (x86)\NVIDIA Corporation\PhysX\Common;C:\Program Files\NVIDIA Corporation\NVIDIA NvDLISR;C:\WINDOWS\system32;C:\WINDOWS;C:\WINDOWS\System32\Wbem;C:\WINDOWS\System32\WindowsPowerShell\v1.0;C:\WINDOWS\System32\OpenSSH;C:\xampp\php;C:\Program Files\Git\cmd;C:\ProgramData\ComposerSetup\bin;C:\Users\Usuario\AppData\Local\Microsoft\WindowsApps;C:\Users\Usuario\AppData\Local\Programs\Microsoft VS Code\bin;C:\Users\Usuario\AppData\Roaming\Composer\vendor\bin;C:\Program Files\JetBrains\IntelliJ IDEA Community Edition 2024.1.2\bin;C:\Program Files\MongoDB\Server\7.0\bin;C:\Program Files\MongoDB\mongosh-2.2.15-win32-x64\bin
USERNAME=Usuario
DISPLAY=:0.0
LC_ALL=en_US.UTF-8
TERM=xterm-256color
TMPDIR=C:\Users\Usuario\AppData\Local\Temp
OS=Windows_NT
PROCESSOR_IDENTIFIER=AMD64 Family 23 Model 96 Stepping 1, AuthenticAMD
TMP=C:\Users\Usuario\AppData\Local\Temp
TEMP=C:\Users\Usuario\AppData\Local\Temp



Periodic native trim disabled

JNI global refs:
JNI global refs: 18, weak refs: 0

JNI global refs memory usage: 843, weak refs: 209

Process memory usage:
Resident Set Size: 47100K (0% of 7781316K total physical memory with 434412K free physical memory)

OOME stack traces (most recent first):
Classloader memory used:
